<?xml version="1.0" encoding="UTF-8"?>
<!-- Generated by org.testng.reporters.JUnitReportReporter -->
<testsuite skipped="0" hostname="Algate" name="com.blaze.testCases.TC_001_SearchFlight" tests="1" failures="0" timestamp="06 Oct 2021 17:56:44 GMT" time="1.769" errors="0">
  <testcase name="search" time="1.769" classname="com.blaze.testCases.TC_001_SearchFlight"/>
</testsuite> <!-- com.blaze.testCases.TC_001_SearchFlight -->
