<?xml version="1.0" encoding="UTF-8"?>
<!-- Generated by org.testng.reporters.JUnitReportReporter -->
<testsuite skipped="0" hostname="Algate" name="com.blaze.testCases.SearchFlighttoVerifyBookingId" tests="4" failures="0" timestamp="06 Oct 2021 19:44:33 GMT" time="3.381" errors="0">
  <testcase name="TC_002_SelectFlight" time="0.645" classname="com.blaze.testCases.SearchFlighttoVerifyBookingId"/>
  <testcase name="TC_003_PurchaseFlightTicket" time="1.571" classname="com.blaze.testCases.SearchFlighttoVerifyBookingId"/>
  <testcase name="TC_001_search" time="1.073" classname="com.blaze.testCases.SearchFlighttoVerifyBookingId"/>
  <testcase name="TC_004_TicketBookingConfirmation" time="0.092" classname="com.blaze.testCases.SearchFlighttoVerifyBookingId"/>
</testsuite> <!-- com.blaze.testCases.SearchFlighttoVerifyBookingId -->
